<?xml version="1.0" encoding="UTF-8"?>
<beans xmlns:mvc="http://www.springframework.org/schema/mvc"
	xmlns:xsi="http://www.w3.org/2001/XMLSchema-instance" xmlns="http://www.springframework.org/schema/beans"
	xmlns:context="http://www.springframework.org/schema/context"
	xmlns:gfe="http://www.springframework.org/schema/gemfire"
	xmlns:gfe-data="http://www.springframework.org/schema/data/gemfire"
	xmlns:p="http://www.springframework.org/schema/p"
	xsi:schemaLocation="http://www.springframework.org/schema/mvc http://www.springframework.org/schema/mvc/spring-mvc.xsd
		http://www.springframework.org/schema/beans http://www.springframework.org/schema/beans/spring-beans.xsd
		http://www.springframework.org/schema/context http://www.springframework.org/schema/context/spring-context.xsd
		http://www.springframework.org/schema/gemfire http://www.springframework.org/schema/gemfire/spring-gemfire.xsd
		http://www.springframework.org/schema/data/gemfire http://www.springframework.org/schema/data/gemfire/spring-data-gemfire.xsd">

	<context:property-placeholder location="classpath:app.properties" />


	<context:component-scan base-package="com.pivotal.example.xd.controller" />

	<bean id="dataSource" class="org.apache.commons.dbcp.BasicDataSource"
		destroy-method="close">
		<property name="driverClassName" value="com.vmware.sqlfire.jdbc.ClientDriver" />
		<property name="url" value="jdbc:sqlfire://${sqlfire.url}" />
		<property name="username" value="${sqlfire.user}" />
		<property name="password" value="${sqlfire.password}" />
	</bean>

	<bean id="jdbcTemplate" class="org.springframework.jdbc.core.JdbcTemplate"
		p:dataSource-ref="dataSource" />

	<bean id="jedisConnectionFactory"
		class="org.springframework.data.redis.connection.jedis.JedisConnectionFactory"
		p:host-name="localhost" p:port="6379" />


	<bean id="redisTemplate" class="org.springframework.data.redis.core.RedisTemplate"
		p:connectionFactory-ref="jedisConnectionFactory" />


</beans>
